<?xml version="1.0" encoding="UTF-8"?>
<testng-results ignored="0" total="1" passed="1" failed="0" skipped="0">
  <reporter-output>
  </reporter-output>
  <suite started-at="2023-09-05T17:27:33 IST" name="Default suite" finished-at="2023-09-05T17:27:33 IST" duration-ms="86">
    <groups>
    </groups>
    <test started-at="2023-09-05T17:27:33 IST" name="Default test" finished-at="2023-09-05T17:27:33 IST" duration-ms="86">
      <class name="com.jenkins.NewTest">
        <test-method signature="f()[pri:0, instance:com.jenkins.NewTest@3e27aa33]" started-at="2023-09-05T17:27:33 IST" name="f" finished-at="2023-09-05T17:27:33 IST" duration-ms="14" status="PASS">
          <reporter-output>
          </reporter-output>
        </test-method> <!-- f -->
      </class> <!-- com.jenkins.NewTest -->
    </test> <!-- Default test -->
  </suite> <!-- Default suite -->
</testng-results>
