<?xml version="1.0" encoding="UTF-8"?>
<testng-results ignored="0" total="1" passed="1" failed="0" skipped="0">
  <reporter-output>
  </reporter-output>
  <suite started-at="2023-09-06T14:48:31 IST" name="Suite" finished-at="2023-09-06T14:48:42 IST" duration-ms="10585">
    <groups>
    </groups>
    <test started-at="2023-09-06T14:48:31 IST" name="Test" finished-at="2023-09-06T14:48:42 IST" duration-ms="10585">
      <class name="com.jenkins.newTestListener">
        <test-method is-config="true" signature="bm()[pri:0, instance:com.jenkins.newTestListener@740cae06]" started-at="2023-09-06T14:48:31 IST" name="bm" finished-at="2023-09-06T14:48:37 IST" duration-ms="5838" status="PASS">
          <reporter-output>
          </reporter-output>
        </test-method> <!-- bm -->
        <test-method signature="f()[pri:0, instance:com.jenkins.newTestListener@740cae06]" started-at="2023-09-06T14:48:37 IST" name="f" finished-at="2023-09-06T14:48:41 IST" duration-ms="4275" status="PASS">
          <reporter-output>
          </reporter-output>
        </test-method> <!-- f -->
        <test-method is-config="true" signature="am()[pri:0, instance:com.jenkins.newTestListener@740cae06]" started-at="2023-09-06T14:48:41 IST" name="am" finished-at="2023-09-06T14:48:42 IST" duration-ms="369" status="PASS">
          <reporter-output>
          </reporter-output>
        </test-method> <!-- am -->
      </class> <!-- com.jenkins.newTestListener -->
    </test> <!-- Test -->
  </suite> <!-- Suite -->
</testng-results>
